LINEEEE =bus
Nodes = 20
No of Scenerios = 200
Topology =1
No of es = 3
No of rs_c = 3
No of rs_r = 3
 function simple graph
11.1 
1.2 

***ForestFire:  GeoFire  Nodes:20  StartNodes:1  Take2AmbProb:0
                FwdBurnP:0.35  BckBurnP:0.35  ProbDecay:1  Orphan:0
Total messages final= 40 
khak1.3 
 1.4 
finish
 function simple graph
21.1 
1.2 

***ForestFire:  GeoFire  Nodes:20  StartNodes:1  Take2AmbProb:0
                FwdBurnP:0.35  BckBurnP:0.35  ProbDecay:1  Orphan:0
Total messages final= 40 
khak1.3 
 1.4 
finish
 function simple graph
31.1 
1.2 

***ForestFire:  GeoFire  Nodes:20  StartNodes:1  Take2AmbProb:0
                FwdBurnP:0.35  BckBurnP:0.35  ProbDecay:1  Orphan:0
Total messages final= 40 
khak1.3 
 1.4 
finish
 function simple graph
41.1 
1.2 

***ForestFire:  GeoFire  Nodes:20  StartNodes:1  Take2AmbProb:0
                FwdBurnP:0.35  BckBurnP:0.35  ProbDecay:1  Orphan:0
Total messages final= 40 
khak1.3 
 1.4 
finish
 function simple graph
51.1 
1.2 

***ForestFire:  GeoFire  Nodes:20  StartNodes:1  Take2AmbProb:0
                FwdBurnP:0.35  BckBurnP:0.35  ProbDecay:1  Orphan:0
Total messages final= 40 
khak1.3 
 1.4 
finish
 function simple graph
61.1 
1.2 

***ForestFire:  GeoFire  Nodes:20  StartNodes:1  Take2AmbProb:0
                FwdBurnP:0.35  BckBurnP:0.35  ProbDecay:1  Orphan:0
Total messages final= 40 
khak1.3 
 1.4 
finish
 function simple graph
71.1 
1.2 

***ForestFire:  GeoFire  Nodes:20  StartNodes:1  Take2AmbProb:0
                FwdBurnP:0.35  BckBurnP:0.35  ProbDecay:1  Orphan:0
Total messages final= 40 
khak1.3 
 1.4 
finish
 function simple graph
81.1 
1.2 

***ForestFire:  GeoFire  Nodes:20  StartNodes:1  Take2AmbProb:0
                FwdBurnP:0.35  BckBurnP:0.35  ProbDecay:1  Orphan:0
Total messages final= 40 
khak1.3 
 1.4 
finish
 function simple graph
91.1 
1.2 

***ForestFire:  GeoFire  Nodes:20  StartNodes:1  Take2AmbProb:0
                FwdBurnP:0.35  BckBurnP:0.35  ProbDecay:1  Orphan:0
Total messages final= 40 
khak1.3 
 1.4 
finish
 function simple graph
101.1 
1.2 

***ForestFire:  GeoFire  Nodes:20  StartNodes:1  Take2AmbProb:0
                FwdBurnP:0.35  BckBurnP:0.35  ProbDecay:1  Orphan:0
Total messages final= 40 
khak1.3 
 1.4 
finish
 function simple graph
111.1 
1.2 

***ForestFire:  GeoFire  Nodes:20  StartNodes:1  Take2AmbProb:0
                FwdBurnP:0.35  BckBurnP:0.35  ProbDecay:1  Orphan:0
Total messages final= 40 
khak1.3 
 1.4 
finish
 function simple graph
121.1 
1.2 

***ForestFire:  GeoFire  Nodes:20  StartNodes:1  Take2AmbProb:0
                FwdBurnP:0.35  BckBurnP:0.35  ProbDecay:1  Orphan:0
Total messages final= 40 
khak1.3 
 1.4 
finish
 function simple graph
131.1 
1.2 

***ForestFire:  GeoFire  Nodes:20  StartNodes:1  Take2AmbProb:0
                FwdBurnP:0.35  BckBurnP:0.35  ProbDecay:1  Orphan:0
Total messages final= 40 
khak1.3 
 1.4 
finish
 function simple graph
141.1 
1.2 

***ForestFire:  GeoFire  Nodes:20  StartNodes:1  Take2AmbProb:0
                FwdBurnP:0.35  BckBurnP:0.35  ProbDecay:1  Orphan:0
Total messages final= 40 
khak1.3 
 1.4 
finish
 function simple graph
151.1 
1.2 

***ForestFire:  GeoFire  Nodes:20  StartNodes:1  Take2AmbProb:0
                FwdBurnP:0.35  BckBurnP:0.35  ProbDecay:1  Orphan:0
Total messages final= 40 
khak1.3 
 1.4 
finish
 function simple graph
161.1 
1.2 

***ForestFire:  GeoFire  Nodes:20  StartNodes:1  Take2AmbProb:0
                FwdBurnP:0.35  BckBurnP:0.35  ProbDecay:1  Orphan:0
Total messages final= 40 
khak1.3 
 1.4 
finish
 function simple graph
171.1 
1.2 

***ForestFire:  GeoFire  Nodes:20  StartNodes:1  Take2AmbProb:0
                FwdBurnP:0.35  BckBurnP:0.35  ProbDecay:1  Orphan:0
Total messages final= 40 
khak1.3 
 1.4 
finish
 function simple graph
181.1 
1.2 

***ForestFire:  GeoFire  Nodes:20  StartNodes:1  Take2AmbProb:0
                FwdBurnP:0.35  BckBurnP:0.35  ProbDecay:1  Orphan:0
Total messages final= 40 
khak1.3 
 1.4 
finish
 function simple graph
191.1 
1.2 

***ForestFire:  GeoFire  Nodes:20  StartNodes:1  Take2AmbProb:0
                FwdBurnP:0.35  BckBurnP:0.35  ProbDecay:1  Orphan:0
Total messages final= 40 
khak1.3 
 1.4 
finish
 function simple graph
201.1 
1.2 

***ForestFire:  GeoFire  Nodes:20  StartNodes:1  Take2AmbProb:0
                FwdBurnP:0.35  BckBurnP:0.35  ProbDecay:1  Orphan:0
Total messages final= 40 
khak1.3 
 1.4 
finish
 function simple graph
211.1 
1.2 

***ForestFire:  GeoFire  Nodes:20  StartNodes:1  Take2AmbProb:0
                FwdBurnP:0.35  BckBurnP:0.35  ProbDecay:1  Orphan:0
Total messages final= 40 
khak1.3 
 1.4 
finish
 function simple graph
221.1 
1.2 

***ForestFire:  GeoFire  Nodes:20  StartNodes:1  Take2AmbProb:0
                FwdBurnP:0.35  BckBurnP:0.35  ProbDecay:1  Orphan:0
Total messages final= 40 
khak1.3 
 1.4 
finish
 function simple graph
231.1 
1.2 

***ForestFire:  GeoFire  Nodes:20  StartNodes:1  Take2AmbProb:0
                FwdBurnP:0.35  BckBurnP:0.35  ProbDecay:1  Orphan:0
Total messages final= 40 
khak1.3 
 1.4 
finish
 function simple graph
241.1 
1.2 

***ForestFire:  GeoFire  Nodes:20  StartNodes:1  Take2AmbProb:0
                FwdBurnP:0.35  BckBurnP:0.35  ProbDecay:1  Orphan:0
Total messages final= 40 
khak1.3 
 1.4 
finish
 function simple graph
251.1 
1.2 

***ForestFire:  GeoFire  Nodes:20  StartNodes:1  Take2AmbProb:0
                FwdBurnP:0.35  BckBurnP:0.35  ProbDecay:1  Orphan:0
Total messages final= 40 
khak1.3 
 1.4 
finish
 function simple graph
261.1 
1.2 

***ForestFire:  GeoFire  Nodes:20  StartNodes:1  Take2AmbProb:0
                FwdBurnP:0.35  BckBurnP:0.35  ProbDecay:1  Orphan:0
Total messages final= 40 
khak1.3 
 1.4 
finish
 function simple graph
271.1 
1.2 

***ForestFire:  GeoFire  Nodes:20  StartNodes:1  Take2AmbProb:0
                FwdBurnP:0.35  BckBurnP:0.35  ProbDecay:1  Orphan:0
Total messages final= 40 
khak1.3 
 1.4 
finish
 function simple graph
281.1 
1.2 

***ForestFire:  GeoFire  Nodes:20  StartNodes:1  Take2AmbProb:0
                FwdBurnP:0.35  BckBurnP:0.35  ProbDecay:1  Orphan:0
Total messages final= 40 
khak1.3 
 1.4 
finish
 function simple graph
291.1 
1.2 

***ForestFire:  GeoFire  Nodes:20  StartNodes:1  Take2AmbProb:0
                FwdBurnP:0.35  BckBurnP:0.35  ProbDecay:1  Orphan:0
Total messages final= 40 
khak1.3 
 1.4 
finish
 function simple graph
301.1 
1.2 

***ForestFire:  GeoFire  Nodes:20  StartNodes:1  Take2AmbProb:0
                FwdBurnP:0.35  BckBurnP:0.35  ProbDecay:1  Orphan:0
Total messages final= 40 
khak1.3 
 1.4 
finish
 function simple graph
311.1 
1.2 

***ForestFire:  GeoFire  Nodes:20  StartNodes:1  Take2AmbProb:0
                FwdBurnP:0.35  BckBurnP:0.35  ProbDecay:1  Orphan:0
Total messages final= 40 
khak1.3 
 1.4 
finish
 function simple graph
321.1 
1.2 

***ForestFire:  GeoFire  Nodes:20  StartNodes:1  Take2AmbProb:0
                FwdBurnP:0.35  BckBurnP:0.35  ProbDecay:1  Orphan:0
Total messages final= 40 
khak1.3 
 1.4 
finish
 function simple graph
331.1 
1.2 

***ForestFire:  GeoFire  Nodes:20  StartNodes:1  Take2AmbProb:0
                FwdBurnP:0.35  BckBurnP:0.35  ProbDecay:1  Orphan:0
Total messages final= 40 
khak1.3 
 1.4 
finish
 function simple graph
341.1 
1.2 

***ForestFire:  GeoFire  Nodes:20  StartNodes:1  Take2AmbProb:0
                FwdBurnP:0.35  BckBurnP:0.35  ProbDecay:1  Orphan:0
Total messages final= 40 
khak1.3 
 1.4 
finish
 function simple graph
351.1 
1.2 

***ForestFire:  GeoFire  Nodes:20  StartNodes:1  Take2AmbProb:0
                FwdBurnP:0.35  BckBurnP:0.35  ProbDecay:1  Orphan:0
Total messages final= 40 
khak1.3 
 1.4 
finish
 function simple graph
361.1 
1.2 

***ForestFire:  GeoFire  Nodes:20  StartNodes:1  Take2AmbProb:0
                FwdBurnP:0.35  BckBurnP:0.35  ProbDecay:1  Orphan:0
Total messages final= 40 
khak1.3 
 1.4 
finish
 function simple graph
371.1 
1.2 

***ForestFire:  GeoFire  Nodes:20  StartNodes:1  Take2AmbProb:0
                FwdBurnP:0.35  BckBurnP:0.35  ProbDecay:1  Orphan:0
Total messages final= 40 
khak1.3 
 1.4 
finish
 function simple graph
381.1 
1.2 

***ForestFire:  GeoFire  Nodes:20  StartNodes:1  Take2AmbProb:0
                FwdBurnP:0.35  BckBurnP:0.35  ProbDecay:1  Orphan:0
Total messages final= 40 
khak1.3 
 1.4 
finish
 function simple graph
391.1 
1.2 

***ForestFire:  GeoFire  Nodes:20  StartNodes:1  Take2AmbProb:0
                FwdBurnP:0.35  BckBurnP:0.35  ProbDecay:1  Orphan:0
Total messages final= 40 
khak1.3 
 1.4 
finish
 function simple graph
401.1 
1.2 

***ForestFire:  GeoFire  Nodes:20  StartNodes:1  Take2AmbProb:0
                FwdBurnP:0.35  BckBurnP:0.35  ProbDecay:1  Orphan:0
Total messages final= 40 
khak1.3 
 1.4 
finish
 function simple graph
411.1 
1.2 

***ForestFire:  GeoFire  Nodes:20  StartNodes:1  Take2AmbProb:0
                FwdBurnP:0.35  BckBurnP:0.35  ProbDecay:1  Orphan:0
Total messages final= 40 
khak1.3 
 1.4 
finish
 function simple graph
421.1 
1.2 

***ForestFire:  GeoFire  Nodes:20  StartNodes:1  Take2AmbProb:0
                FwdBurnP:0.35  BckBurnP:0.35  ProbDecay:1  Orphan:0
Total messages final= 40 
khak1.3 
 1.4 
finish
 function simple graph
431.1 
1.2 

***ForestFire:  GeoFire  Nodes:20  StartNodes:1  Take2AmbProb:0
                FwdBurnP:0.35  BckBurnP:0.35  ProbDecay:1  Orphan:0
Total messages final= 40 
khak1.3 
 1.4 
finish
 function simple graph
441.1 
1.2 

***ForestFire:  GeoFire  Nodes:20  StartNodes:1  Take2AmbProb:0
                FwdBurnP:0.35  BckBurnP:0.35  ProbDecay:1  Orphan:0
Total messages final= 40 
khak1.3 
 1.4 
finish
 function simple graph
451.1 
1.2 

***ForestFire:  GeoFire  Nodes:20  StartNodes:1  Take2AmbProb:0
                FwdBurnP:0.35  BckBurnP:0.35  ProbDecay:1  Orphan:0
Total messages final= 40 
khak1.3 
 1.4 
finish
 function simple graph
461.1 
1.2 

***ForestFire:  GeoFire  Nodes:20  StartNodes:1  Take2AmbProb:0
                FwdBurnP:0.35  BckBurnP:0.35  ProbDecay:1  Orphan:0
Total messages final= 40 
khak1.3 
 1.4 
finish
 function simple graph
471.1 
1.2 

***ForestFire:  GeoFire  Nodes:20  StartNodes:1  Take2AmbProb:0
                FwdBurnP:0.35  BckBurnP:0.35  ProbDecay:1  Orphan:0
Total messages final= 40 
khak1.3 
 1.4 
finish
 function simple graph
481.1 
1.2 

***ForestFire:  GeoFire  Nodes:20  StartNodes:1  Take2AmbProb:0
                FwdBurnP:0.35  BckBurnP:0.35  ProbDecay:1  Orphan:0
Total messages final= 40 
khak1.3 
 1.4 
finish
 function simple graph
491.1 
1.2 

***ForestFire:  GeoFire  Nodes:20  StartNodes:1  Take2AmbProb:0
                FwdBurnP:0.35  BckBurnP:0.35  ProbDecay:1  Orphan:0
Total messages final= 40 
khak1.3 
 1.4 
finish
 function simple graph
501.1 
1.2 

***ForestFire:  GeoFire  Nodes:20  StartNodes:1  Take2AmbProb:0
                FwdBurnP:0.35  BckBurnP:0.35  ProbDecay:1  Orphan:0
Total messages final= 40 
khak1.3 
 1.4 
finish
 function simple graph
511.1 
1.2 

***ForestFire:  GeoFire  Nodes:20  StartNodes:1  Take2AmbProb:0
                FwdBurnP:0.35  BckBurnP:0.35  ProbDecay:1  Orphan:0
Total messages final= 40 
khak1.3 
 1.4 
finish
 function simple graph
521.1 
1.2 

***ForestFire:  GeoFire  Nodes:20  StartNodes:1  Take2AmbProb:0
                FwdBurnP:0.35  BckBurnP:0.35  ProbDecay:1  Orphan:0
Total messages final= 40 
khak1.3 
 1.4 
finish
 function simple graph
531.1 
1.2 

***ForestFire:  GeoFire  Nodes:20  StartNodes:1  Take2AmbProb:0
                FwdBurnP:0.35  BckBurnP:0.35  ProbDecay:1  Orphan:0
Total messages final= 40 
khak1.3 
 1.4 
finish
 function simple graph
541.1 
1.2 

***ForestFire:  GeoFire  Nodes:20  StartNodes:1  Take2AmbProb:0
                FwdBurnP:0.35  BckBurnP:0.35  ProbDecay:1  Orphan:0
Total messages final= 40 
khak1.3 
 1.4 
finish
 function simple graph
551.1 
1.2 

***ForestFire:  GeoFire  Nodes:20  StartNodes:1  Take2AmbProb:0
                FwdBurnP:0.35  BckBurnP:0.35  ProbDecay:1  Orphan:0
Total messages final= 40 
khak1.3 
 1.4 
finish
 function simple graph
561.1 
1.2 

***ForestFire:  GeoFire  Nodes:20  StartNodes:1  Take2AmbProb:0
                FwdBurnP:0.35  BckBurnP:0.35  ProbDecay:1  Orphan:0
Total messages final= 40 
khak1.3 
 1.4 
finish
 function simple graph
571.1 
1.2 

***ForestFire:  GeoFire  Nodes:20  StartNodes:1  Take2AmbProb:0
                FwdBurnP:0.35  BckBurnP:0.35  ProbDecay:1  Orphan:0
Total messages final= 40 
khak1.3 
 1.4 
finish
 function simple graph
581.1 
1.2 

***ForestFire:  GeoFire  Nodes:20  StartNodes:1  Take2AmbProb:0
                FwdBurnP:0.35  BckBurnP:0.35  ProbDecay:1  Orphan:0
Total messages final= 40 
khak1.3 
 1.4 
finish
 function simple graph
591.1 
1.2 

***ForestFire:  GeoFire  Nodes:20  StartNodes:1  Take2AmbProb:0
                FwdBurnP:0.35  BckBurnP:0.35  ProbDecay:1  Orphan:0
Total messages final= 40 
khak1.3 
 1.4 
finish
 function simple graph
601.1 
1.2 

***ForestFire:  GeoFire  Nodes:20  StartNodes:1  Take2AmbProb:0
                FwdBurnP:0.35  BckBurnP:0.35  ProbDecay:1  Orphan:0
Total messages final= 40 
khak1.3 
 1.4 
finish
 function simple graph
611.1 
1.2 

***ForestFire:  GeoFire  Nodes:20  StartNodes:1  Take2AmbProb:0
                FwdBurnP:0.35  BckBurnP:0.35  ProbDecay:1  Orphan:0
Total messages final= 40 
khak1.3 
 1.4 
finish
 function simple graph
621.1 
1.2 

***ForestFire:  GeoFire  Nodes:20  StartNodes:1  Take2AmbProb:0
                FwdBurnP:0.35  BckBurnP:0.35  ProbDecay:1  Orphan:0
Total messages final= 40 
khak1.3 
 1.4 
finish
 function simple graph
631.1 
1.2 

***ForestFire:  GeoFire  Nodes:20  StartNodes:1  Take2AmbProb:0
                FwdBurnP:0.35  BckBurnP:0.35  ProbDecay:1  Orphan:0
Total messages final= 40 
khak1.3 
 1.4 
finish
 function simple graph
641.1 
1.2 

***ForestFire:  GeoFire  Nodes:20  StartNodes:1  Take2AmbProb:0
                FwdBurnP:0.35  BckBurnP:0.35  ProbDecay:1  Orphan:0
Total messages final= 40 
khak1.3 
 1.4 
finish
 function simple graph
651.1 
1.2 

***ForestFire:  GeoFire  Nodes:20  StartNodes:1  Take2AmbProb:0
                FwdBurnP:0.35  BckBurnP:0.35  ProbDecay:1  Orphan:0
Total messages final= 40 
khak1.3 
 1.4 
finish
 function simple graph
661.1 
1.2 

***ForestFire:  GeoFire  Nodes:20  StartNodes:1  Take2AmbProb:0
                FwdBurnP:0.35  BckBurnP:0.35  ProbDecay:1  Orphan:0
Total messages final= 40 
khak1.3 
 1.4 
finish
 function simple graph
671.1 
1.2 

***ForestFire:  GeoFire  Nodes:20  StartNodes:1  Take2AmbProb:0
                FwdBurnP:0.35  BckBurnP:0.35  ProbDecay:1  Orphan:0
Total messages final= 40 
khak1.3 
 1.4 
finish
 function simple graph
681.1 
1.2 

***ForestFire:  GeoFire  Nodes:20  StartNodes:1  Take2AmbProb:0
                FwdBurnP:0.35  BckBurnP:0.35  ProbDecay:1  Orphan:0
Total messages final= 40 
khak1.3 
 1.4 
finish
 function simple graph
691.1 
1.2 

***ForestFire:  GeoFire  Nodes:20  StartNodes:1  Take2AmbProb:0
                FwdBurnP:0.35  BckBurnP:0.35  ProbDecay:1  Orphan:0
Total messages final= 40 
khak1.3 
 1.4 
finish
 function simple graph
701.1 
1.2 

***ForestFire:  GeoFire  Nodes:20  StartNodes:1  Take2AmbProb:0
                FwdBurnP:0.35  BckBurnP:0.35  ProbDecay:1  Orphan:0
Total messages final= 40 
khak1.3 
 1.4 
finish
 function simple graph
711.1 
1.2 

***ForestFire:  GeoFire  Nodes:20  StartNodes:1  Take2AmbProb:0
                FwdBurnP:0.35  BckBurnP:0.35  ProbDecay:1  Orphan:0
Total messages final= 40 
khak1.3 
 1.4 
finish
 function simple graph
721.1 
1.2 

***ForestFire:  GeoFire  Nodes:20  StartNodes:1  Take2AmbProb:0
                FwdBurnP:0.35  BckBurnP:0.35  ProbDecay:1  Orphan:0
Total messages final= 40 
khak1.3 
 1.4 
finish
 function simple graph
731.1 
1.2 

***ForestFire:  GeoFire  Nodes:20  StartNodes:1  Take2AmbProb:0
                FwdBurnP:0.35  BckBurnP:0.35  ProbDecay:1  Orphan:0
Total messages final= 40 
khak1.3 
 1.4 
finish
 function simple graph
741.1 
1.2 

***ForestFire:  GeoFire  Nodes:20  StartNodes:1  Take2AmbProb:0
                FwdBurnP:0.35  BckBurnP:0.35  ProbDecay:1  Orphan:0
Total messages final= 40 
khak1.3 
 1.4 
finish
 function simple graph
751.1 
1.2 

***ForestFire:  GeoFire  Nodes:20  StartNodes:1  Take2AmbProb:0
                FwdBurnP:0.35  BckBurnP:0.35  ProbDecay:1  Orphan:0
Total messages final= 40 
khak1.3 
 1.4 
finish
 function simple graph
761.1 
1.2 

***ForestFire:  GeoFire  Nodes:20  StartNodes:1  Take2AmbProb:0
                FwdBurnP:0.35  BckBurnP:0.35  ProbDecay:1  Orphan:0
Total messages final= 40 
khak1.3 
 1.4 
finish
 function simple graph
771.1 
1.2 

***ForestFire:  GeoFire  Nodes:20  StartNodes:1  Take2AmbProb:0
                FwdBurnP:0.35  BckBurnP:0.35  ProbDecay:1  Orphan:0
Total messages final= 40 
khak1.3 
 1.4 
finish
 function simple graph
781.1 
1.2 

***ForestFire:  GeoFire  Nodes:20  StartNodes:1  Take2AmbProb:0
                FwdBurnP:0.35  BckBurnP:0.35  ProbDecay:1  Orphan:0
Total messages final= 40 
khak1.3 
 1.4 
finish
 function simple graph
791.1 
1.2 

***ForestFire:  GeoFire  Nodes:20  StartNodes:1  Take2AmbProb:0
                FwdBurnP:0.35  BckBurnP:0.35  ProbDecay:1  Orphan:0
Total messages final= 40 
khak1.3 
 1.4 
finish
 function simple graph
801.1 
1.2 

***ForestFire:  GeoFire  Nodes:20  StartNodes:1  Take2AmbProb:0
                FwdBurnP:0.35  BckBurnP:0.35  ProbDecay:1  Orphan:0
Total messages final= 40 
khak1.3 
 1.4 
finish
 function simple graph
811.1 
1.2 

***ForestFire:  GeoFire  Nodes:20  StartNodes:1  Take2AmbProb:0
                FwdBurnP:0.35  BckBurnP:0.35  ProbDecay:1  Orphan:0
Total messages final= 40 
khak1.3 
 1.4 
finish
 function simple graph
821.1 
1.2 

***ForestFire:  GeoFire  Nodes:20  StartNodes:1  Take2AmbProb:0
                FwdBurnP:0.35  BckBurnP:0.35  ProbDecay:1  Orphan:0
Total messages final= 40 
khak1.3 
 1.4 
finish
 function simple graph
831.1 
1.2 

***ForestFire:  GeoFire  Nodes:20  StartNodes:1  Take2AmbProb:0
                FwdBurnP:0.35  BckBurnP:0.35  ProbDecay:1  Orphan:0
Total messages final= 40 
khak1.3 
 1.4 
finish
 function simple graph
841.1 
1.2 

***ForestFire:  GeoFire  Nodes:20  StartNodes:1  Take2AmbProb:0
                FwdBurnP:0.35  BckBurnP:0.35  ProbDecay:1  Orphan:0
Total messages final= 40 
khak1.3 
 1.4 
finish
 function simple graph
851.1 
1.2 

***ForestFire:  GeoFire  Nodes:20  StartNodes:1  Take2AmbProb:0
                FwdBurnP:0.35  BckBurnP:0.35  ProbDecay:1  Orphan:0
Total messages final= 40 
khak1.3 
 1.4 
finish
 function simple graph
861.1 
1.2 

***ForestFire:  GeoFire  Nodes:20  StartNodes:1  Take2AmbProb:0
                FwdBurnP:0.35  BckBurnP:0.35  ProbDecay:1  Orphan:0
Total messages final= 40 
khak1.3 
 1.4 
finish
 function simple graph
871.1 
1.2 

***ForestFire:  GeoFire  Nodes:20  StartNodes:1  Take2AmbProb:0
                FwdBurnP:0.35  BckBurnP:0.35  ProbDecay:1  Orphan:0
Total messages final= 40 
khak1.3 
 1.4 
finish
 function simple graph
881.1 
1.2 

***ForestFire:  GeoFire  Nodes:20  StartNodes:1  Take2AmbProb:0
                FwdBurnP:0.35  BckBurnP:0.35  ProbDecay:1  Orphan:0
Total messages final= 40 
khak1.3 
 1.4 
finish
 function simple graph
891.1 
1.2 

***ForestFire:  GeoFire  Nodes:20  StartNodes:1  Take2AmbProb:0
                FwdBurnP:0.35  BckBurnP:0.35  ProbDecay:1  Orphan:0
Total messages final= 40 
khak1.3 
 1.4 
finish
 function simple graph
901.1 
1.2 

***ForestFire:  GeoFire  Nodes:20  StartNodes:1  Take2AmbProb:0
                FwdBurnP:0.35  BckBurnP:0.35  ProbDecay:1  Orphan:0
Total messages final= 40 
khak1.3 
 1.4 
finish
 function simple graph
911.1 
1.2 

***ForestFire:  GeoFire  Nodes:20  StartNodes:1  Take2AmbProb:0
                FwdBurnP:0.35  BckBurnP:0.35  ProbDecay:1  Orphan:0
Total messages final= 40 
khak1.3 
 1.4 
finish
 function simple graph
921.1 
1.2 

***ForestFire:  GeoFire  Nodes:20  StartNodes:1  Take2AmbProb:0
                FwdBurnP:0.35  BckBurnP:0.35  ProbDecay:1  Orphan:0
Total messages final= 40 
khak1.3 
 1.4 
finish
 function simple graph
931.1 
1.2 

***ForestFire:  GeoFire  Nodes:20  StartNodes:1  Take2AmbProb:0
                FwdBurnP:0.35  BckBurnP:0.35  ProbDecay:1  Orphan:0
Total messages final= 40 
khak1.3 
 1.4 
finish
 function simple graph
941.1 
1.2 

***ForestFire:  GeoFire  Nodes:20  StartNodes:1  Take2AmbProb:0
                FwdBurnP:0.35  BckBurnP:0.35  ProbDecay:1  Orphan:0
Total messages final= 40 
khak1.3 
 1.4 
finish
 function simple graph
951.1 
1.2 

***ForestFire:  GeoFire  Nodes:20  StartNodes:1  Take2AmbProb:0
                FwdBurnP:0.35  BckBurnP:0.35  ProbDecay:1  Orphan:0
Total messages final= 40 
khak1.3 
 1.4 
finish
 function simple graph
961.1 
1.2 

***ForestFire:  GeoFire  Nodes:20  StartNodes:1  Take2AmbProb:0
                FwdBurnP:0.35  BckBurnP:0.35  ProbDecay:1  Orphan:0
Total messages final= 40 
khak1.3 
 1.4 
finish
 function simple graph
971.1 
1.2 

***ForestFire:  GeoFire  Nodes:20  StartNodes:1  Take2AmbProb:0
                FwdBurnP:0.35  BckBurnP:0.35  ProbDecay:1  Orphan:0
Total messages final= 40 
khak1.3 
 1.4 
finish
 function simple graph
981.1 
1.2 

***ForestFire:  GeoFire  Nodes:20  StartNodes:1  Take2AmbProb:0
                FwdBurnP:0.35  BckBurnP:0.35  ProbDecay:1  Orphan:0
Total messages final= 40 
khak1.3 
 1.4 
finish
 function simple graph
991.1 
1.2 

***ForestFire:  GeoFire  Nodes:20  StartNodes:1  Take2AmbProb:0
                FwdBurnP:0.35  BckBurnP:0.35  ProbDecay:1  Orphan:0
Total messages final= 40 
khak1.3 
 1.4 
finish
 function simple graph
1001.1 
1.2 

***ForestFire:  GeoFire  Nodes:20  StartNodes:1  Take2AmbProb:0
                FwdBurnP:0.35  BckBurnP:0.35  ProbDecay:1  Orphan:0
Total messages final= 40 
khak1.3 
 1.4 
finish
 function simple graph
1011.1 
1.2 

***ForestFire:  GeoFire  Nodes:20  StartNodes:1  Take2AmbProb:0
                FwdBurnP:0.35  BckBurnP:0.35  ProbDecay:1  Orphan:0
Total messages final= 40 
khak1.3 
 1.4 
finish
 function simple graph
1021.1 
1.2 

***ForestFire:  GeoFire  Nodes:20  StartNodes:1  Take2AmbProb:0
                FwdBurnP:0.35  BckBurnP:0.35  ProbDecay:1  Orphan:0
Total messages final= 40 
khak1.3 
 1.4 
finish
 function simple graph
1031.1 
1.2 

***ForestFire:  GeoFire  Nodes:20  StartNodes:1  Take2AmbProb:0
                FwdBurnP:0.35  BckBurnP:0.35  ProbDecay:1  Orphan:0
Total messages final= 40 
khak1.3 
 1.4 
finish
 function simple graph
1041.1 
1.2 

***ForestFire:  GeoFire  Nodes:20  StartNodes:1  Take2AmbProb:0
                FwdBurnP:0.35  BckBurnP:0.35  ProbDecay:1  Orphan:0
Total messages final= 40 
khak1.3 
 1.4 
finish
 function simple graph
1051.1 
1.2 

***ForestFire:  GeoFire  Nodes:20  StartNodes:1  Take2AmbProb:0
                FwdBurnP:0.35  BckBurnP:0.35  ProbDecay:1  Orphan:0
Total messages final= 40 
khak1.3 
 1.4 
finish
 function simple graph
1061.1 
1.2 

***ForestFire:  GeoFire  Nodes:20  StartNodes:1  Take2AmbProb:0
                FwdBurnP:0.35  BckBurnP:0.35  ProbDecay:1  Orphan:0
Total messages final= 40 
khak1.3 
 1.4 
finish
 function simple graph
1071.1 
1.2 

***ForestFire:  GeoFire  Nodes:20  StartNodes:1  Take2AmbProb:0
                FwdBurnP:0.35  BckBurnP:0.35  ProbDecay:1  Orphan:0
Total messages final= 40 
khak1.3 
 1.4 
finish
 function simple graph
1081.1 
1.2 

***ForestFire:  GeoFire  Nodes:20  StartNodes:1  Take2AmbProb:0
                FwdBurnP:0.35  BckBurnP:0.35  ProbDecay:1  Orphan:0
Total messages final= 40 
khak1.3 
 1.4 
finish
 function simple graph
1091.1 
1.2 

***ForestFire:  GeoFire  Nodes:20  StartNodes:1  Take2AmbProb:0
                FwdBurnP:0.35  BckBurnP:0.35  ProbDecay:1  Orphan:0
Total messages final= 40 
khak1.3 
 1.4 
finish
 function simple graph
1101.1 
1.2 

***ForestFire:  GeoFire  Nodes:20  StartNodes:1  Take2AmbProb:0
                FwdBurnP:0.35  BckBurnP:0.35  ProbDecay:1  Orphan:0
Total messages final= 40 
khak1.3 
 1.4 
finish
 function simple graph
1111.1 
1.2 

***ForestFire:  GeoFire  Nodes:20  StartNodes:1  Take2AmbProb:0
                FwdBurnP:0.35  BckBurnP:0.35  ProbDecay:1  Orphan:0
Total messages final= 40 
khak1.3 
 1.4 
finish
 function simple graph
1121.1 
1.2 

***ForestFire:  GeoFire  Nodes:20  StartNodes:1  Take2AmbProb:0
                FwdBurnP:0.35  BckBurnP:0.35  ProbDecay:1  Orphan:0
Total messages final= 40 
khak1.3 
 1.4 
finish
 function simple graph
1131.1 
1.2 

***ForestFire:  GeoFire  Nodes:20  StartNodes:1  Take2AmbProb:0
                FwdBurnP:0.35  BckBurnP:0.35  ProbDecay:1  Orphan:0
Total messages final= 40 
khak1.3 
 1.4 
finish
 function simple graph
1141.1 
1.2 

***ForestFire:  GeoFire  Nodes:20  StartNodes:1  Take2AmbProb:0
                FwdBurnP:0.35  BckBurnP:0.35  ProbDecay:1  Orphan:0
Total messages final= 40 
khak1.3 
 1.4 
finish
 function simple graph
1151.1 
1.2 

***ForestFire:  GeoFire  Nodes:20  StartNodes:1  Take2AmbProb:0
                FwdBurnP:0.35  BckBurnP:0.35  ProbDecay:1  Orphan:0
Total messages final= 40 
khak1.3 
 1.4 
finish
 function simple graph
1161.1 
1.2 

***ForestFire:  GeoFire  Nodes:20  StartNodes:1  Take2AmbProb:0
                FwdBurnP:0.35  BckBurnP:0.35  ProbDecay:1  Orphan:0
Total messages final= 40 
khak1.3 
 1.4 
finish
 function simple graph
1171.1 
1.2 

***ForestFire:  GeoFire  Nodes:20  StartNodes:1  Take2AmbProb:0
                FwdBurnP:0.35  BckBurnP:0.35  ProbDecay:1  Orphan:0
Total messages final= 40 
khak1.3 
 1.4 
finish
 function simple graph
1181.1 
1.2 

***ForestFire:  GeoFire  Nodes:20  StartNodes:1  Take2AmbProb:0
                FwdBurnP:0.35  BckBurnP:0.35  ProbDecay:1  Orphan:0
Total messages final= 40 
khak1.3 
 1.4 
finish
 function simple graph
1191.1 
1.2 

***ForestFire:  GeoFire  Nodes:20  StartNodes:1  Take2AmbProb:0
                FwdBurnP:0.35  BckBurnP:0.35  ProbDecay:1  Orphan:0
Total messages final= 40 
khak1.3 
 1.4 
finish
 function simple graph
1201.1 
1.2 

***ForestFire:  GeoFire  Nodes:20  StartNodes:1  Take2AmbProb:0
                FwdBurnP:0.35  BckBurnP:0.35  ProbDecay:1  Orphan:0
Total messages final= 40 
khak1.3 
 1.4 
finish
 function simple graph
1211.1 
1.2 

***ForestFire:  GeoFire  Nodes:20  StartNodes:1  Take2AmbProb:0
                FwdBurnP:0.35  BckBurnP:0.35  ProbDecay:1  Orphan:0
Total messages final= 40 
khak1.3 
 1.4 
finish
 function simple graph
1221.1 
1.2 

***ForestFire:  GeoFire  Nodes:20  StartNodes:1  Take2AmbProb:0
                FwdBurnP:0.35  BckBurnP:0.35  ProbDecay:1  Orphan:0
Total messages final= 40 
khak1.3 
 1.4 
finish
 function simple graph
1231.1 
1.2 

***ForestFire:  GeoFire  Nodes:20  StartNodes:1  Take2AmbProb:0
                FwdBurnP:0.35  BckBurnP:0.35  ProbDecay:1  Orphan:0
Total messages final= 40 
khak1.3 
 1.4 
finish
 function simple graph
1241.1 
1.2 

***ForestFire:  GeoFire  Nodes:20  StartNodes:1  Take2AmbProb:0
                FwdBurnP:0.35  BckBurnP:0.35  ProbDecay:1  Orphan:0
Total messages final= 40 
khak1.3 
 1.4 
finish
 function simple graph
1251.1 
1.2 

***ForestFire:  GeoFire  Nodes:20  StartNodes:1  Take2AmbProb:0
                FwdBurnP:0.35  BckBurnP:0.35  ProbDecay:1  Orphan:0
Total messages final= 40 
khak1.3 
 1.4 
finish
 function simple graph
1261.1 
1.2 

***ForestFire:  GeoFire  Nodes:20  StartNodes:1  Take2AmbProb:0
                FwdBurnP:0.35  BckBurnP:0.35  ProbDecay:1  Orphan:0
Total messages final= 40 
khak1.3 
 1.4 
finish
 function simple graph
1271.1 
1.2 

***ForestFire:  GeoFire  Nodes:20  StartNodes:1  Take2AmbProb:0
                FwdBurnP:0.35  BckBurnP:0.35  ProbDecay:1  Orphan:0
Total messages final= 40 
khak1.3 
 1.4 
finish
 function simple graph
1281.1 
1.2 

***ForestFire:  GeoFire  Nodes:20  StartNodes:1  Take2AmbProb:0
                FwdBurnP:0.35  BckBurnP:0.35  ProbDecay:1  Orphan:0
Total messages final= 40 
khak1.3 
 1.4 
finish
 function simple graph
1291.1 
1.2 

***ForestFire:  GeoFire  Nodes:20  StartNodes:1  Take2AmbProb:0
                FwdBurnP:0.35  BckBurnP:0.35  ProbDecay:1  Orphan:0
Total messages final= 40 
khak1.3 
 1.4 
finish
 function simple graph
1301.1 
1.2 

***ForestFire:  GeoFire  Nodes:20  StartNodes:1  Take2AmbProb:0
                FwdBurnP:0.35  BckBurnP:0.35  ProbDecay:1  Orphan:0
Total messages final= 40 
khak1.3 
 1.4 
finish
 function simple graph
1311.1 
1.2 

***ForestFire:  GeoFire  Nodes:20  StartNodes:1  Take2AmbProb:0
                FwdBurnP:0.35  BckBurnP:0.35  ProbDecay:1  Orphan:0
Total messages final= 40 
khak1.3 
 1.4 
finish
 function simple graph
1321.1 
1.2 

***ForestFire:  GeoFire  Nodes:20  StartNodes:1  Take2AmbProb:0
                FwdBurnP:0.35  BckBurnP:0.35  ProbDecay:1  Orphan:0
Total messages final= 40 
khak1.3 
 1.4 
finish
 function simple graph
1331.1 
1.2 

***ForestFire:  GeoFire  Nodes:20  StartNodes:1  Take2AmbProb:0
                FwdBurnP:0.35  BckBurnP:0.35  ProbDecay:1  Orphan:0
Total messages final= 40 
khak1.3 
 1.4 
finish
 function simple graph
1341.1 
1.2 

***ForestFire:  GeoFire  Nodes:20  StartNodes:1  Take2AmbProb:0
                FwdBurnP:0.35  BckBurnP:0.35  ProbDecay:1  Orphan:0
Total messages final= 40 
khak1.3 
 1.4 
finish
 function simple graph
1351.1 
1.2 

***ForestFire:  GeoFire  Nodes:20  StartNodes:1  Take2AmbProb:0
                FwdBurnP:0.35  BckBurnP:0.35  ProbDecay:1  Orphan:0
Total messages final= 40 
khak1.3 
 1.4 
finish
 function simple graph
1361.1 
1.2 

***ForestFire:  GeoFire  Nodes:20  StartNodes:1  Take2AmbProb:0
                FwdBurnP:0.35  BckBurnP:0.35  ProbDecay:1  Orphan:0
Total messages final= 40 
khak1.3 
 1.4 
finish
 function simple graph
1371.1 
1.2 

***ForestFire:  GeoFire  Nodes:20  StartNodes:1  Take2AmbProb:0
                FwdBurnP:0.35  BckBurnP:0.35  ProbDecay:1  Orphan:0
Total messages final= 40 
khak1.3 
 1.4 
finish
 function simple graph
1381.1 
1.2 

***ForestFire:  GeoFire  Nodes:20  StartNodes:1  Take2AmbProb:0
                FwdBurnP:0.35  BckBurnP:0.35  ProbDecay:1  Orphan:0
Total messages final= 40 
khak1.3 
 1.4 
finish
 function simple graph
1391.1 
1.2 

***ForestFire:  GeoFire  Nodes:20  StartNodes:1  Take2AmbProb:0
                FwdBurnP:0.35  BckBurnP:0.35  ProbDecay:1  Orphan:0
Total messages final= 40 
khak1.3 
 1.4 
finish
 function simple graph
1401.1 
1.2 

***ForestFire:  GeoFire  Nodes:20  StartNodes:1  Take2AmbProb:0
                FwdBurnP:0.35  BckBurnP:0.35  ProbDecay:1  Orphan:0
Total messages final= 40 
khak1.3 
 1.4 
finish
 function simple graph
1411.1 
1.2 

***ForestFire:  GeoFire  Nodes:20  StartNodes:1  Take2AmbProb:0
                FwdBurnP:0.35  BckBurnP:0.35  ProbDecay:1  Orphan:0
Total messages final= 40 
khak1.3 
 1.4 
finish
 function simple graph
1421.1 
1.2 

***ForestFire:  GeoFire  Nodes:20  StartNodes:1  Take2AmbProb:0
                FwdBurnP:0.35  BckBurnP:0.35  ProbDecay:1  Orphan:0
Total messages final= 40 
khak1.3 
 1.4 
finish
 function simple graph
1431.1 
1.2 

***ForestFire:  GeoFire  Nodes:20  StartNodes:1  Take2AmbProb:0
                FwdBurnP:0.35  BckBurnP:0.35  ProbDecay:1  Orphan:0
Total messages final= 40 
khak1.3 
 1.4 
finish
 function simple graph
1441.1 
1.2 

***ForestFire:  GeoFire  Nodes:20  StartNodes:1  Take2AmbProb:0
                FwdBurnP:0.35  BckBurnP:0.35  ProbDecay:1  Orphan:0
Total messages final= 40 
khak1.3 
 1.4 
finish
 function simple graph
1451.1 
1.2 

***ForestFire:  GeoFire  Nodes:20  StartNodes:1  Take2AmbProb:0
                FwdBurnP:0.35  BckBurnP:0.35  ProbDecay:1  Orphan:0
Total messages final= 40 
khak1.3 
 1.4 
finish
 function simple graph
1461.1 
1.2 

***ForestFire:  GeoFire  Nodes:20  StartNodes:1  Take2AmbProb:0
                FwdBurnP:0.35  BckBurnP:0.35  ProbDecay:1  Orphan:0
Total messages final= 40 
khak1.3 
 1.4 
finish
 function simple graph
1471.1 
1.2 

***ForestFire:  GeoFire  Nodes:20  StartNodes:1  Take2AmbProb:0
                FwdBurnP:0.35  BckBurnP:0.35  ProbDecay:1  Orphan:0
Total messages final= 40 
khak1.3 
 1.4 
finish
 function simple graph
1481.1 
1.2 

***ForestFire:  GeoFire  Nodes:20  StartNodes:1  Take2AmbProb:0
                FwdBurnP:0.35  BckBurnP:0.35  ProbDecay:1  Orphan:0
Total messages final= 40 
khak1.3 
 1.4 
finish
 function simple graph
1491.1 
1.2 

***ForestFire:  GeoFire  Nodes:20  StartNodes:1  Take2AmbProb:0
                FwdBurnP:0.35  BckBurnP:0.35  ProbDecay:1  Orphan:0
Total messages final= 40 
khak1.3 
 1.4 
finish
 function simple graph
1501.1 
1.2 

***ForestFire:  GeoFire  Nodes:20  StartNodes:1  Take2AmbProb:0
                FwdBurnP:0.35  BckBurnP:0.35  ProbDecay:1  Orphan:0
Total messages final= 40 
khak1.3 
 1.4 
finish
 function simple graph
1511.1 
1.2 

***ForestFire:  GeoFire  Nodes:20  StartNodes:1  Take2AmbProb:0
                FwdBurnP:0.35  BckBurnP:0.35  ProbDecay:1  Orphan:0
Total messages final= 40 
khak1.3 
 1.4 
finish
 function simple graph
1521.1 
1.2 

***ForestFire:  GeoFire  Nodes:20  StartNodes:1  Take2AmbProb:0
                FwdBurnP:0.35  BckBurnP:0.35  ProbDecay:1  Orphan:0
Total messages final= 40 
khak1.3 
 1.4 
finish
 function simple graph
1531.1 
1.2 

***ForestFire:  GeoFire  Nodes:20  StartNodes:1  Take2AmbProb:0
                FwdBurnP:0.35  BckBurnP:0.35  ProbDecay:1  Orphan:0
Total messages final= 40 
khak1.3 
 1.4 
finish
 function simple graph
1541.1 
1.2 

***ForestFire:  GeoFire  Nodes:20  StartNodes:1  Take2AmbProb:0
                FwdBurnP:0.35  BckBurnP:0.35  ProbDecay:1  Orphan:0
Total messages final= 40 
khak1.3 
 1.4 
finish
 function simple graph
1551.1 
1.2 

***ForestFire:  GeoFire  Nodes:20  StartNodes:1  Take2AmbProb:0
                FwdBurnP:0.35  BckBurnP:0.35  ProbDecay:1  Orphan:0
Total messages final= 40 
khak1.3 
 1.4 
finish
 function simple graph
1561.1 
1.2 

***ForestFire:  GeoFire  Nodes:20  StartNodes:1  Take2AmbProb:0
                FwdBurnP:0.35  BckBurnP:0.35  ProbDecay:1  Orphan:0
Total messages final= 40 
khak1.3 
 1.4 
finish
 function simple graph
1571.1 
1.2 

***ForestFire:  GeoFire  Nodes:20  StartNodes:1  Take2AmbProb:0
                FwdBurnP:0.35  BckBurnP:0.35  ProbDecay:1  Orphan:0
Total messages final= 40 
khak1.3 
 1.4 
finish
 function simple graph
1581.1 
1.2 

***ForestFire:  GeoFire  Nodes:20  StartNodes:1  Take2AmbProb:0
                FwdBurnP:0.35  BckBurnP:0.35  ProbDecay:1  Orphan:0
Total messages final= 40 
khak1.3 
 1.4 
finish
 function simple graph
1591.1 
1.2 

***ForestFire:  GeoFire  Nodes:20  StartNodes:1  Take2AmbProb:0
                FwdBurnP:0.35  BckBurnP:0.35  ProbDecay:1  Orphan:0
Total messages final= 40 
khak1.3 
 1.4 
finish
 function simple graph
1601.1 
1.2 

***ForestFire:  GeoFire  Nodes:20  StartNodes:1  Take2AmbProb:0
                FwdBurnP:0.35  BckBurnP:0.35  ProbDecay:1  Orphan:0
Total messages final= 40 
khak1.3 
 1.4 
finish
 function simple graph
1611.1 
1.2 

***ForestFire:  GeoFire  Nodes:20  StartNodes:1  Take2AmbProb:0
                FwdBurnP:0.35  BckBurnP:0.35  ProbDecay:1  Orphan:0
Total messages final= 40 
khak1.3 
 1.4 
finish
 function simple graph
1621.1 
1.2 

***ForestFire:  GeoFire  Nodes:20  StartNodes:1  Take2AmbProb:0
                FwdBurnP:0.35  BckBurnP:0.35  ProbDecay:1  Orphan:0
Total messages final= 40 
khak1.3 
 1.4 
finish
 function simple graph
1631.1 
1.2 

***ForestFire:  GeoFire  Nodes:20  StartNodes:1  Take2AmbProb:0
                FwdBurnP:0.35  BckBurnP:0.35  ProbDecay:1  Orphan:0
Total messages final= 40 
khak1.3 
 1.4 
finish
 function simple graph
1641.1 
1.2 

***ForestFire:  GeoFire  Nodes:20  StartNodes:1  Take2AmbProb:0
                FwdBurnP:0.35  BckBurnP:0.35  ProbDecay:1  Orphan:0
Total messages final= 40 
khak1.3 
 1.4 
finish
 function simple graph
1651.1 
1.2 

***ForestFire:  GeoFire  Nodes:20  StartNodes:1  Take2AmbProb:0
                FwdBurnP:0.35  BckBurnP:0.35  ProbDecay:1  Orphan:0
Total messages final= 40 
khak1.3 
 1.4 
finish
 function simple graph
1661.1 
1.2 

***ForestFire:  GeoFire  Nodes:20  StartNodes:1  Take2AmbProb:0
                FwdBurnP:0.35  BckBurnP:0.35  ProbDecay:1  Orphan:0
Total messages final= 40 
khak1.3 
 1.4 
finish
 function simple graph
1671.1 
1.2 

***ForestFire:  GeoFire  Nodes:20  StartNodes:1  Take2AmbProb:0
                FwdBurnP:0.35  BckBurnP:0.35  ProbDecay:1  Orphan:0
Total messages final= 40 
khak1.3 
 1.4 
finish
 function simple graph
1681.1 
1.2 

***ForestFire:  GeoFire  Nodes:20  StartNodes:1  Take2AmbProb:0
                FwdBurnP:0.35  BckBurnP:0.35  ProbDecay:1  Orphan:0
Total messages final= 40 
khak1.3 
 1.4 
finish
 function simple graph
1691.1 
1.2 

***ForestFire:  GeoFire  Nodes:20  StartNodes:1  Take2AmbProb:0
                FwdBurnP:0.35  BckBurnP:0.35  ProbDecay:1  Orphan:0
Total messages final= 40 
khak1.3 
 1.4 
finish
 function simple graph
1701.1 
1.2 

***ForestFire:  GeoFire  Nodes:20  StartNodes:1  Take2AmbProb:0
                FwdBurnP:0.35  BckBurnP:0.35  ProbDecay:1  Orphan:0
Total messages final= 40 
khak1.3 
 1.4 
finish
 function simple graph
1711.1 
1.2 

***ForestFire:  GeoFire  Nodes:20  StartNodes:1  Take2AmbProb:0
                FwdBurnP:0.35  BckBurnP:0.35  ProbDecay:1  Orphan:0
Total messages final= 40 
khak1.3 
 1.4 
finish
 function simple graph
1721.1 
1.2 

***ForestFire:  GeoFire  Nodes:20  StartNodes:1  Take2AmbProb:0
                FwdBurnP:0.35  BckBurnP:0.35  ProbDecay:1  Orphan:0
Total messages final= 40 
khak1.3 
 1.4 
finish
 function simple graph
1731.1 
1.2 

***ForestFire:  GeoFire  Nodes:20  StartNodes:1  Take2AmbProb:0
                FwdBurnP:0.35  BckBurnP:0.35  ProbDecay:1  Orphan:0
Total messages final= 40 
khak1.3 
 1.4 
finish
 function simple graph
1741.1 
1.2 

***ForestFire:  GeoFire  Nodes:20  StartNodes:1  Take2AmbProb:0
                FwdBurnP:0.35  BckBurnP:0.35  ProbDecay:1  Orphan:0
Total messages final= 40 
khak1.3 
 1.4 
finish
 function simple graph
1751.1 
1.2 

***ForestFire:  GeoFire  Nodes:20  StartNodes:1  Take2AmbProb:0
                FwdBurnP:0.35  BckBurnP:0.35  ProbDecay:1  Orphan:0
Total messages final= 40 
khak1.3 
 1.4 
finish
 function simple graph
1761.1 
1.2 

***ForestFire:  GeoFire  Nodes:20  StartNodes:1  Take2AmbProb:0
                FwdBurnP:0.35  BckBurnP:0.35  ProbDecay:1  Orphan:0
Total messages final= 40 
khak1.3 
 1.4 
finish
 function simple graph
1771.1 
1.2 

***ForestFire:  GeoFire  Nodes:20  StartNodes:1  Take2AmbProb:0
                FwdBurnP:0.35  BckBurnP:0.35  ProbDecay:1  Orphan:0
Total messages final= 40 
khak1.3 
 1.4 
finish
 function simple graph
1781.1 
1.2 

***ForestFire:  GeoFire  Nodes:20  StartNodes:1  Take2AmbProb:0
                FwdBurnP:0.35  BckBurnP:0.35  ProbDecay:1  Orphan:0
Total messages final= 40 
khak1.3 
 1.4 
finish
 function simple graph
1791.1 
1.2 

***ForestFire:  GeoFire  Nodes:20  StartNodes:1  Take2AmbProb:0
                FwdBurnP:0.35  BckBurnP:0.35  ProbDecay:1  Orphan:0
Total messages final= 40 
khak1.3 
 1.4 
finish
 function simple graph
1801.1 
1.2 

***ForestFire:  GeoFire  Nodes:20  StartNodes:1  Take2AmbProb:0
                FwdBurnP:0.35  BckBurnP:0.35  ProbDecay:1  Orphan:0
Total messages final= 40 
khak1.3 
 1.4 
finish
 function simple graph
1811.1 
1.2 

***ForestFire:  GeoFire  Nodes:20  StartNodes:1  Take2AmbProb:0
                FwdBurnP:0.35  BckBurnP:0.35  ProbDecay:1  Orphan:0
Total messages final= 40 
khak1.3 
 1.4 
finish
 function simple graph
1821.1 
1.2 

***ForestFire:  GeoFire  Nodes:20  StartNodes:1  Take2AmbProb:0
                FwdBurnP:0.35  BckBurnP:0.35  ProbDecay:1  Orphan:0
Total messages final= 40 
khak1.3 
 1.4 
finish
 function simple graph
1831.1 
1.2 

***ForestFire:  GeoFire  Nodes:20  StartNodes:1  Take2AmbProb:0
                FwdBurnP:0.35  BckBurnP:0.35  ProbDecay:1  Orphan:0
Total messages final= 40 
khak1.3 
 1.4 
finish
 function simple graph
1841.1 
1.2 

***ForestFire:  GeoFire  Nodes:20  StartNodes:1  Take2AmbProb:0
                FwdBurnP:0.35  BckBurnP:0.35  ProbDecay:1  Orphan:0
Total messages final= 40 
khak1.3 
 1.4 
finish
 function simple graph
1851.1 
1.2 

***ForestFire:  GeoFire  Nodes:20  StartNodes:1  Take2AmbProb:0
                FwdBurnP:0.35  BckBurnP:0.35  ProbDecay:1  Orphan:0
Total messages final= 40 
khak1.3 
 1.4 
finish
 function simple graph
1861.1 
1.2 

***ForestFire:  GeoFire  Nodes:20  StartNodes:1  Take2AmbProb:0
                FwdBurnP:0.35  BckBurnP:0.35  ProbDecay:1  Orphan:0
Total messages final= 40 
khak1.3 
 1.4 
finish
 function simple graph
1871.1 
1.2 

***ForestFire:  GeoFire  Nodes:20  StartNodes:1  Take2AmbProb:0
                FwdBurnP:0.35  BckBurnP:0.35  ProbDecay:1  Orphan:0
Total messages final= 40 
khak1.3 
 1.4 
finish
 function simple graph
1881.1 
1.2 

***ForestFire:  GeoFire  Nodes:20  StartNodes:1  Take2AmbProb:0
                FwdBurnP:0.35  BckBurnP:0.35  ProbDecay:1  Orphan:0
Total messages final= 40 
khak1.3 
 1.4 
finish
 function simple graph
1891.1 
1.2 

***ForestFire:  GeoFire  Nodes:20  StartNodes:1  Take2AmbProb:0
                FwdBurnP:0.35  BckBurnP:0.35  ProbDecay:1  Orphan:0
Total messages final= 40 
khak1.3 
 1.4 
finish
 function simple graph
1901.1 
1.2 

***ForestFire:  GeoFire  Nodes:20  StartNodes:1  Take2AmbProb:0
                FwdBurnP:0.35  BckBurnP:0.35  ProbDecay:1  Orphan:0
Total messages final= 40 
khak1.3 
 1.4 
finish
 function simple graph
1911.1 
1.2 

***ForestFire:  GeoFire  Nodes:20  StartNodes:1  Take2AmbProb:0
                FwdBurnP:0.35  BckBurnP:0.35  ProbDecay:1  Orphan:0
Total messages final= 40 
khak1.3 
 1.4 
finish
 function simple graph
1921.1 
1.2 

***ForestFire:  GeoFire  Nodes:20  StartNodes:1  Take2AmbProb:0
                FwdBurnP:0.35  BckBurnP:0.35  ProbDecay:1  Orphan:0
Total messages final= 40 
khak1.3 
 1.4 
finish
 function simple graph
1931.1 
1.2 

***ForestFire:  GeoFire  Nodes:20  StartNodes:1  Take2AmbProb:0
                FwdBurnP:0.35  BckBurnP:0.35  ProbDecay:1  Orphan:0
Total messages final= 40 
khak1.3 
 1.4 
finish
 function simple graph
1941.1 
1.2 

***ForestFire:  GeoFire  Nodes:20  StartNodes:1  Take2AmbProb:0
                FwdBurnP:0.35  BckBurnP:0.35  ProbDecay:1  Orphan:0
Total messages final= 40 
khak1.3 
 1.4 
finish
 function simple graph
1951.1 
1.2 

***ForestFire:  GeoFire  Nodes:20  StartNodes:1  Take2AmbProb:0
                FwdBurnP:0.35  BckBurnP:0.35  ProbDecay:1  Orphan:0
Total messages final= 40 
khak1.3 
 1.4 
finish
 function simple graph
1961.1 
1.2 

***ForestFire:  GeoFire  Nodes:20  StartNodes:1  Take2AmbProb:0
                FwdBurnP:0.35  BckBurnP:0.35  ProbDecay:1  Orphan:0
Total messages final= 40 
khak1.3 
 1.4 
finish
 function simple graph
1971.1 
1.2 

***ForestFire:  GeoFire  Nodes:20  StartNodes:1  Take2AmbProb:0
                FwdBurnP:0.35  BckBurnP:0.35  ProbDecay:1  Orphan:0
Total messages final= 40 
khak1.3 
 1.4 
finish
 function simple graph
1981.1 
1.2 

***ForestFire:  GeoFire  Nodes:20  StartNodes:1  Take2AmbProb:0
                FwdBurnP:0.35  BckBurnP:0.35  ProbDecay:1  Orphan:0
Total messages final= 40 
khak1.3 
 1.4 
finish
 function simple graph
1991.1 
1.2 

***ForestFire:  GeoFire  Nodes:20  StartNodes:1  Take2AmbProb:0
                FwdBurnP:0.35  BckBurnP:0.35  ProbDecay:1  Orphan:0
Total messages final= 40 
khak1.3 
 1.4 
finish
 function simple graph
2001.1 
1.2 

***ForestFire:  GeoFire  Nodes:20  StartNodes:1  Take2AmbProb:0
                FwdBurnP:0.35  BckBurnP:0.35  ProbDecay:1  Orphan:0
Total messages final= 40 
khak1.3 
 1.4 
finish
error ID
