--------
/cygdrive/c/app/Snap-2.3/Snap-2.3/sos/sosgen.Err
Wed Dec  3 18:18:00 2014
Execution stopped: IsNode(SrcNId) && IsNode(DstNId) [Reason:'6 or 16 not a node.'], file graph.cpp, line 287
--------
--------
/cygdrive/c/app/Snap-2.3/Snap-2.3/sos/sosgen.Err
Wed Dec  3 18:18:57 2014
Execution stopped: IsNode(SrcNId) && IsNode(DstNId) [Reason:'3 or 11 not a node.'], file graph.cpp, line 287
--------
--------
/cygdrive/c/app/Snap-2.3/Snap-2.3/sos/sosgen.Err
Wed Dec  3 18:19:56 2014
Execution stopped: IsNode(SrcNId) && IsNode(DstNId) [Reason:'5 or 13 not a node.'], file graph.cpp, line 287
--------
--------
/cygdrive/c/app/Snap-2.3/Snap-2.3/sos/sosgen.Err
Thu Dec  4 17:39:46 2014
Execution stopped: !IsNode(NId) [Reason:'NodeId 0 already exists'], file graph.cpp, line 212
--------
--------
/cygdrive/c/app/Snap-2.3/Snap-2.3/sos/sosgen.Err
Thu Dec  4 17:47:53 2014
Execution stopped: !IsNode(NId) [Reason:'NodeId 7 already exists'], file graph.cpp, line 212
--------
--------
/cygdrive/c/app/Snap-2.3/Snap-2.3/sos/sosgen.Err
Thu Dec  4 18:42:21 2014
Execution stopped: !IsNode(NId) [Reason:'NodeId 12 already exists'], file graph.cpp, line 12
--------
--------
/cygdrive/c/app/Snap-2.3/Snap-2.3/sos/sosgen.Err
Fri Dec  5 11:27:40 2014
Execution stopped: !IsNode(NId) [Reason:'NodeId 5 already exists'], file graph.cpp, line 212
--------
--------
/cygdrive/c/app/Snap-2.3/Snap-2.3/sos/sosgen.Err
Fri Dec  5 11:28:15 2014
Execution stopped: !IsNode(NId) [Reason:'NodeId 3 already exists'], file graph.cpp, line 212
--------
--------
/cygdrive/c/app/Snap-2.3/Snap-2.3/sos/sosgen.Err
Fri Dec  5 11:28:56 2014
Execution stopped: !IsNode(NId) [Reason:'NodeId 0 already exists'], file graph.cpp, line 212
--------
--------
/cygdrive/c/app/Snap-2.3/Snap-2.3/sos/sosgen.Err
Fri Dec  5 11:29:34 2014
Execution stopped: !IsNode(NId) [Reason:'NodeId 8 already exists'], file graph.cpp, line 212
--------
--------
/cygdrive/c/app/Snap-2.3/Snap-2.3/sos/sosgen.Err
Wed Dec 10 16:12:41 2014
Execution stopped: DegSeqV.IsSorted(false) [Reason:'DegSeqV must be sorted in descending order.'], file ggen.cpp, line 65
--------
--------
/cygdrive/c/app/Snap-2.3/Snap-2.3/sos/sosgen.Err
Wed Dec 10 16:12:48 2014
Execution stopped: DegSeqV.IsSorted(false) [Reason:'DegSeqV must be sorted in descending order.'], file ggen.cpp, line 65
--------
--------
/cygdrive/c/app/Snap-2.3/Snap-2.3/sos/sosgen.Err
Wed Dec 10 16:13:03 2014
Execution stopped: DegSeqV.IsSorted(false) [Reason:'DegSeqV must be sorted in descending order.'], file ggen.cpp, line 65
--------
--------
/cygdrive/c/app/Snap-2.3/Snap-2.3/sos/sosgen.Err
Wed Dec 10 16:13:09 2014
Execution stopped: DegSeqV.IsSorted(false) [Reason:'DegSeqV must be sorted in descending order.'], file ggen.cpp, line 65
--------
--------
/cygdrive/c/app/Snap-2.3/Snap-2.3/sos/sosgen.Err
Wed Dec 10 16:46:02 2014
Execution stopped: (1.0 * (Nodes-1) / 2 * (IsDir ? 2 : 1)) >= (1.0 * Edges / Nodes) [Reason:'Not enough nodes (1), for edges (1).'], file ../snap-core/ggen.h, line 222
--------
--------
/cygdrive/c/app/Snap-2.3/Snap-2.3/sos/sosgen.Err
Wed Dec 10 16:46:42 2014
Execution stopped: (1.0 * (Nodes-1) / 2 * (IsDir ? 2 : 1)) >= (1.0 * Edges / Nodes) [Reason:'Not enough nodes (2), for edges (3).'], file ../snap-core/ggen.h, line 222
--------
--------
/cygdrive/c/app/Snap-2.3/Snap-2.3/sos/sosgen.Err
Wed Dec 10 16:54:11 2014
Execution stopped: (1.0 * (Nodes-1) / 2 * (IsDir ? 2 : 1)) >= (1.0 * Edges / Nodes) [Reason:'Not enough nodes (3), for edges (4).'], file ../snap-core/ggen.h, line 222
--------
--------
/cygdrive/c/app/Snap-2.3/Snap-2.3/sos/sosgen.Err
Wed Dec 10 16:54:34 2014
Execution stopped: (1.0 * (Nodes-1) / 2 * (IsDir ? 2 : 1)) >= (1.0 * Edges / Nodes) [Reason:'Not enough nodes (3), for edges (4).'], file ../snap-core/ggen.h, line 222
--------
--------
/cygdrive/c/app/Snap-2.3/Snap-2.3/sos/sosgen.Err
Wed Dec 10 16:54:51 2014
Execution stopped: (1.0 * (Nodes-1) / 2 * (IsDir ? 2 : 1)) >= (1.0 * Edges / Nodes) [Reason:'Not enough nodes (3), for edges (4).'], file ../snap-core/ggen.h, line 222
--------
--------
/cygdrive/c/sos/ggen/sosgen.Err
Fri Dec 12 10:57:55 2014
Execution stopped: (1.0 * (Nodes-1) / 2 * (IsDir ? 2 : 1)) >= (1.0 * Edges / Nodes) [Reason:'Not enough nodes (1), for edges (1).'], file ../snap/snap-core/ggen.h, line 222
--------
--------
/cygdrive/c/sos/ggen/sosgen.Err
Fri Dec 12 10:58:06 2014
Execution stopped: (1.0 * (Nodes-1) / 2 * (IsDir ? 2 : 1)) >= (1.0 * Edges / Nodes) [Reason:'Not enough nodes (2), for edges (3).'], file ../snap/snap-core/ggen.h, line 222
--------
--------
/cygdrive/c/sos/ggen/sosgen.Err
Fri Dec 12 10:58:15 2014
Execution stopped: (1.0 * (Nodes-1) / 2 * (IsDir ? 2 : 1)) >= (1.0 * Edges / Nodes) [Reason:'Not enough nodes (2), for edges (3).'], file ../snap/snap-core/ggen.h, line 222
--------
--------
/cygdrive/c/sos/ggen/sosgen.Err
Fri Dec 12 10:58:34 2014
Execution stopped: (1.0 * (Nodes-1) / 2 * (IsDir ? 2 : 1)) >= (1.0 * Edges / Nodes) [Reason:'Not enough nodes (3), for edges (4).'], file ../snap/snap-core/ggen.h, line 222
--------
--------
/cygdrive/c/sos/ggen/sosgen.Err
Fri Dec 12 11:00:53 2014
Execution stopped: (1.0 * (Nodes-1) / 2 * (IsDir ? 2 : 1)) >= (1.0 * Edges / Nodes) [Reason:'Not enough nodes (2), for edges (3).'], file ../snap/snap-core/ggen.h, line 222
--------
--------
/cygdrive/c/sos/ggen/sosgen.Err
Fri Dec 12 11:01:37 2014
Execution stopped: (1.0 * (Nodes-1) / 2 * (IsDir ? 2 : 1)) >= (1.0 * Edges / Nodes) [Reason:'Not enough nodes (2), for edges (3).'], file ../snap/snap-core/ggen.h, line 222
--------
--------
/cygdrive/c/sos/ggen/sosgen.Err
Fri Dec 12 11:02:02 2014
Execution stopped: (1.0 * (Nodes-1) / 2 * (IsDir ? 2 : 1)) >= (1.0 * Edges / Nodes) [Reason:'Not enough nodes (2), for edges (3).'], file ../snap/snap-core/ggen.h, line 222
--------
--------
/cygdrive/c/sos/ggen/sosgen.Err
Fri Dec 12 11:02:49 2014
Execution stopped: (1.0 * (Nodes-1) / 2 * (IsDir ? 2 : 1)) >= (1.0 * Edges / Nodes) [Reason:'Not enough nodes (3), for edges (4).'], file ../snap/snap-core/ggen.h, line 222
--------
--------
/cygdrive/c/sos/ggen/sosgen.Err
Fri Dec 12 11:02:50 2014
Execution stopped: (1.0 * (Nodes-1) / 2 * (IsDir ? 2 : 1)) >= (1.0 * Edges / Nodes) [Reason:'Not enough nodes (3), for edges (4).'], file ../snap/snap-core/ggen.h, line 222
--------
--------
/cygdrive/c/sos/ggen/sosgen.Err
Fri Dec 12 11:02:51 2014
Execution stopped: (1.0 * (Nodes-1) / 2 * (IsDir ? 2 : 1)) >= (1.0 * Edges / Nodes) [Reason:'Not enough nodes (3), for edges (4).'], file ../snap/snap-core/ggen.h, line 222
--------
--------
/cygdrive/c/sos/ggen/sosgen.Err
Fri Dec 12 11:03:47 2014
Execution stopped: (1.0 * (Nodes-1) / 2 * (IsDir ? 2 : 1)) >= (1.0 * Edges / Nodes) [Reason:'Not enough nodes (2), for edges (2).'], file ../snap/snap-core/ggen.h, line 222
--------
--------
/cygdrive/c/sos/ggen/sosgen.Err
Fri Dec 12 11:04:36 2014
Execution stopped: (1.0 * (Nodes-1) / 2 * (IsDir ? 2 : 1)) >= (1.0 * Edges / Nodes) [Reason:'Not enough nodes (2), for edges (3).'], file ../snap/snap-core/ggen.h, line 222
--------
--------
/cygdrive/c/sos/ggen/sosgen.Err
Fri Dec 12 11:05:51 2014
Execution stopped: (1.0 * (Nodes-1) / 2 * (IsDir ? 2 : 1)) >= (1.0 * Edges / Nodes) [Reason:'Not enough nodes (2), for edges (3).'], file ../snap/snap-core/ggen.h, line 222
--------
--------
/cygdrive/c/sos/ggen/sosgen.Err
Fri Dec 12 11:06:44 2014
Execution stopped: (1.0 * (Nodes-1) / 2 * (IsDir ? 2 : 1)) >= (1.0 * Edges / Nodes) [Reason:'Not enough nodes (2), for edges (3).'], file ../snap/snap-core/ggen.h, line 222
--------
--------
/cygdrive/c/sos/ggen/sosgen.Err
Fri Dec 12 11:07:11 2014
Execution stopped: (1.0 * (Nodes-1) / 2 * (IsDir ? 2 : 1)) >= (1.0 * Edges / Nodes) [Reason:'Not enough nodes (2), for edges (3).'], file ../snap/snap-core/ggen.h, line 222
--------
--------
/cygdrive/c/sos/ggen/sosgen.Err
Fri Dec 12 11:15:47 2014
Execution stopped: (1.0 * (Nodes-1) / 2 * (IsDir ? 2 : 1)) >= (1.0 * Edges / Nodes) [Reason:'Not enough nodes (2), for edges (3).'], file ../snap/snap-core/ggen.h, line 222
--------
--------
/cygdrive/c/sos/ggen/sosgen.Err
Fri Dec 12 11:16:16 2014
Execution stopped: (1.0 * (Nodes-1) / 2 * (IsDir ? 2 : 1)) >= (1.0 * Edges / Nodes) [Reason:'Not enough nodes (2), for edges (3).'], file ../snap/snap-core/ggen.h, line 222
--------
--------
/home/aswath/Documents/gen/sosgen.Err
Fri Nov 13 23:35:24 2020
Execution stopped: DegSum % 2 == 0, file ggen.cpp, line 26
--------
--------
/home/aswath/Documents/gen/sosgen.Err
Fri Nov 13 23:36:51 2020
Execution stopped: DegSum % 2 == 0, file ggen.cpp, line 26
--------
--------
/home/aswath/Documents/gen/sosgen.Err
Sun Dec 13 19:04:23 2020
Execution stopped: IsNode(SrcNId) && IsNode(DstNId) [Reason:'11 or 12 not a node.'], file graph.cpp, line 322
--------
--------
/home/aswath/Documents/gen/sosgen.Err
Sun Dec 13 20:15:03 2020
Execution stopped: IsNode(SrcNId) && IsNode(DstNId) [Reason:'-1 or 2 not a node.'], file graph.cpp, line 322
--------
--------
/home/aswath/Documents/gen/sosgen.Err
Sun Dec 13 20:17:34 2020
Execution stopped: IsNode(SrcNId) && IsNode(DstNId) [Reason:'-1 or 2 not a node.'], file graph.cpp, line 322
--------
--------
/home/aswath/Documents/gen/sosgen.Err
Sun Aug 22 15:41:42 2021
Execution stopped: !IsNode(NId) [Reason:'NodeId 2 already exists'], file graph.cpp, line 12
--------
--------
/home/aswath/Documents/gen/sosgen.Err
Sun Oct 17 15:51:51 2021
Execution stopped: !IsNode(NId) [Reason:'NodeId 5 already exists'], file graph.cpp, line 12
--------
--------
/home/aswath/Documents/gen/sosgen.Err
Sun Oct 17 15:54:44 2021
Execution stopped: !IsNode(NId) [Reason:'NodeId 24 already exists'], file graph.cpp, line 12
--------
--------
/home/aswath/Documents/gen/sosgen.Err
Sun Oct 17 15:58:12 2021
Execution stopped: !IsNode(NId) [Reason:'NodeId 24 already exists'], file graph.cpp, line 12
--------
--------
/home/aswath/Documents/gen/sosgen.Err
Sun Oct 17 16:00:12 2021
Execution stopped: !IsNode(NId) [Reason:'NodeId 23 already exists'], file graph.cpp, line 12
--------
--------
/home/aswath/Documents/gen/sosgen.Err
Sun Oct 17 16:06:41 2021
Execution stopped: !IsNode(NId) [Reason:'NodeId 203 already exists'], file graph.cpp, line 12
--------
--------
/home/aswath/Documents/gen/sosgen.Err
Sun Oct 17 16:08:18 2021
Execution stopped: !IsNode(NId) [Reason:'NodeId 203 already exists'], file graph.cpp, line 12
--------
--------
/home/aswath/Documents/gen/sosgen.Err
Sun Oct 17 16:12:50 2021
Execution stopped: !IsNode(NId) [Reason:'NodeId 203 already exists'], file graph.cpp, line 12
--------
--------
/home/aswath/Documents/gen/sosgen.Err
Sun Oct 17 16:15:13 2021
Execution stopped: !IsNode(NId) [Reason:'NodeId 203 already exists'], file graph.cpp, line 12
--------
--------
/home/aswath/Documents/gen/sosgen.Err
Sun Oct 17 16:15:24 2021
Execution stopped: !IsNode(NId) [Reason:'NodeId 203 already exists'], file graph.cpp, line 12
--------
--------
/home/aswath/Documents/gen/sosgen.Err
Sun Oct 17 16:24:07 2021
Execution stopped: !IsNode(NId) [Reason:'NodeId 203 already exists'], file graph.cpp, line 12
--------
--------
/home/aswath/Documents/gen/sosgen.Err
Sun Oct 17 16:29:51 2021
Execution stopped: !IsNode(NId) [Reason:'NodeId 203 already exists'], file graph.cpp, line 12
--------
--------
/home/aswath/Documents/gen/sosgen.Err
Sun Oct 17 16:32:26 2021
Execution stopped: !IsNode(NId) [Reason:'NodeId 203 already exists'], file graph.cpp, line 12
--------
--------
/home/aswath/Documents/gen/sosgen.Err
Sun Oct 17 17:18:48 2021
Execution stopped: !IsNode(NId) [Reason:'NodeId 203 already exists'], file graph.cpp, line 12
--------
--------
/home/aswath/Documents/gen/sosgen.Err
Sun Oct 17 17:24:44 2021
Execution stopped: !IsNode(NId) [Reason:'NodeId 203 already exists'], file graph.cpp, line 12
--------
--------
/home/aswath/Documents/gen/sosgen.Err
Sun Oct 17 17:47:26 2021
Execution stopped: !IsNode(NId) [Reason:'NodeId 203 already exists'], file graph.cpp, line 12
--------
--------
/home/aswath/Documents/gen/sosgen.Err
Sun Oct 17 17:48:34 2021
Execution stopped: !IsNode(NId) [Reason:'NodeId 203 already exists'], file graph.cpp, line 12
--------
--------
/home/aswath/Documents/gen/sosgen.Err
Sun Oct 17 17:56:55 2021
Execution stopped: !IsNode(NId) [Reason:'NodeId 210 already exists'], file graph.cpp, line 12
--------
--------
/home/aswath/Documents/gen/sosgen.Err
Sun Oct 17 18:37:19 2021
Execution stopped: !IsNode(NId) [Reason:'NodeId 210 already exists'], file graph.cpp, line 12
--------
--------
/home/avinash/Downloads/snap new/gen/sosgen.Err
Thu Apr  7 06:10:58 2022
Execution stopped: IsNode(SrcNId) && IsNode(DstNId) [Reason:'0 or 145 not a node.'], file graph.cpp, line 93
--------
--------
/home/avinash/Downloads/snap new/gen/sosgen.Err
Thu Apr  7 06:11:46 2022
Execution stopped: IsNode(SrcNId) && IsNode(DstNId) [Reason:'0 or 141 not a node.'], file graph.cpp, line 93
--------
--------
/home/avinash/Downloads/snap new/gen/sosgen.Err
Thu Apr  7 06:13:18 2022
Execution stopped: IsNode(SrcNId) && IsNode(DstNId) [Reason:'0 or 138 not a node.'], file graph.cpp, line 93
--------
--------
/home/avinash/Downloads/snap new/gen/sosgen.Err
Thu Apr  7 06:13:54 2022
Execution stopped: IsNode(SrcNId) && IsNode(DstNId) [Reason:'0 or 1046 not a node.'], file graph.cpp, line 93
--------
--------
/home/avinash/Downloads/snap new/gen/sosgen.Err
Thu Apr  7 06:15:20 2022
Execution stopped: IsNode(SrcNId) && IsNode(DstNId) [Reason:'0 or 1042 not a node.'], file graph.cpp, line 93
--------
--------
/home/avinash/Downloads/snap new/gen/sosgen.Err
Thu Apr  7 06:16:09 2022
Execution stopped: IsNode(SrcNId) && IsNode(DstNId) [Reason:'0 or 1041 not a node.'], file graph.cpp, line 93
--------
--------
/home/avinash/Downloads/snap new/gen/sosgen.Err
Thu Apr  7 06:16:41 2022
Execution stopped: IsNode(SrcNId) && IsNode(DstNId) [Reason:'0 or 1041 not a node.'], file graph.cpp, line 93
--------
--------
/home/avinash/Downloads/snap new/gen/sosgen.Err
Thu Apr  7 06:17:38 2022
Execution stopped: IsNode(SrcNId) && IsNode(DstNId) [Reason:'0 or 1041 not a node.'], file graph.cpp, line 93
--------
--------
/home/avinash/Downloads/snap new/gen/sosgen.Err
Thu Apr  7 06:18:01 2022
Execution stopped: IsNode(SrcNId) && IsNode(DstNId) [Reason:'0 or 145 not a node.'], file graph.cpp, line 93
--------
--------
/home/avinash/Downloads/snap new/gen/sosgen.Err
Thu Apr  7 06:18:45 2022
Execution stopped: IsNode(SrcNId) && IsNode(DstNId) [Reason:'0 or 147 not a node.'], file graph.cpp, line 93
--------
--------
/home/avinash/Downloads/snap new/gen/sosgen.Err
Thu Apr  7 06:19:29 2022
Execution stopped: IsNode(SrcNId) && IsNode(DstNId) [Reason:'0 or 1039 not a node.'], file graph.cpp, line 93
--------
--------
/home/avinash/Downloads/snap new/gen/sosgen.Err
Thu Apr  7 06:21:06 2022
Execution stopped: IsNode(SrcNId) && IsNode(DstNId) [Reason:'0 or 1044 not a node.'], file graph.cpp, line 93
--------
--------
/home/avinash/Downloads/snap new/gen/sosgen.Err
Thu Apr  7 06:22:44 2022
Execution stopped: IsNode(SrcNId) && IsNode(DstNId) [Reason:'0 or 1058 not a node.'], file graph.cpp, line 93
--------
--------
/home/avinash/Downloads/snap new/gen/sosgen.Err
Thu Apr  7 06:23:33 2022
Execution stopped: IsNode(SrcNId) && IsNode(DstNId) [Reason:'0 or 1055 not a node.'], file graph.cpp, line 93
--------
--------
/home/avinash/Downloads/snap new/gen/sosgen.Err
Thu Apr  7 06:23:45 2022
Execution stopped: IsNode(SrcNId) && IsNode(DstNId) [Reason:'0 or 157 not a node.'], file graph.cpp, line 93
--------
--------
/home/avinash/Downloads/snap new/gen/sosgen.Err
Thu Apr  7 06:24:50 2022
Execution stopped: IsNode(SrcNId) && IsNode(DstNId) [Reason:'0 or 155 not a node.'], file graph.cpp, line 93
--------
--------
/home/avinash/Downloads/snap new/gen/sosgen.Err
Thu Apr  7 06:26:04 2022
Execution stopped: IsNode(SrcNId) && IsNode(DstNId) [Reason:'0 or 158 not a node.'], file graph.cpp, line 93
--------
--------
/home/avinash/Downloads/snap new/gen/sosgen.Err
Thu Apr  7 06:26:33 2022
Execution stopped: IsNode(SrcNId) && IsNode(DstNId) [Reason:'0 or 158 not a node.'], file graph.cpp, line 93
--------
--------
/home/avinash/Downloads/snap new/gen/sosgen.Err
Thu Apr  7 06:27:07 2022
Execution stopped: IsNode(SrcNId) && IsNode(DstNId) [Reason:'0 or 148 not a node.'], file graph.cpp, line 93
--------
--------
/home/avinash/Downloads/snap new/gen/sosgen.Err
Thu Apr  7 06:31:45 2022
Execution stopped: IsNode(SrcNId) && IsNode(DstNId) [Reason:'0 or 161 not a node.'], file graph.cpp, line 93
--------
--------
/home/avinash/Downloads/snap new/gen/sosgen.Err
Mon Apr 11 06:39:51 2022
Execution stopped: IsNode(SrcNId) && IsNode(DstNId) [Reason:'0 or 1058 not a node.'], file graph.cpp, line 93
--------
--------
/home/avinash/Downloads/snap new/gen/sosgen.Err
Mon Apr 11 20:01:26 2022
Execution stopped: IsNode(SrcNId) && IsNode(DstNId) [Reason:'0 or 1056 not a node.'], file graph.cpp, line 93
--------
--------
/home/avinash/Downloads/snap new/gen/sosgen.Err
Mon Apr 11 20:02:38 2022
Execution stopped: IsNode(SrcNId) && IsNode(DstNId) [Reason:'0 or 1056 not a node.'], file graph.cpp, line 93
--------
--------
/home/avinash/Downloads/snap new/gen/sosgen.Err
Tue Apr 12 04:01:27 2022
Execution stopped: IsNode(SrcNId) && IsNode(DstNId) [Reason:'0 or 1059 not a node.'], file graph.cpp, line 93
--------
--------
/home/avinash/Downloads/snap new/gen/sosgen.Err
Tue Apr 12 04:03:49 2022
Execution stopped: IsNode(SrcNId) && IsNode(DstNId) [Reason:'0 or 1057 not a node.'], file graph.cpp, line 93
--------
--------
/home/avinash/Downloads/snap new/gen/sosgen.Err
Wed Apr 13 05:16:39 2022
Execution stopped: IsNode(SrcNId) && IsNode(DstNId) [Reason:'0 or 1060 not a node.'], file graph.cpp, line 93
--------
--------
/home/avinash/Downloads/snap new/gen/sosgen.Err
Wed Apr 13 05:17:44 2022
Execution stopped: IsNode(SrcNId) && IsNode(DstNId) [Reason:'0 or 1056 not a node.'], file graph.cpp, line 93
--------
--------
/home/avinash/Downloads/snap new/gen/sosgen.Err
Wed Apr 13 05:33:42 2022
Execution stopped: IsNode(SrcNId) && IsNode(DstNId) [Reason:'0 or 140 not a node.'], file graph.cpp, line 93
--------
--------
/home/avinash/Downloads/snap new/gen/sosgen.Err
Wed Apr 13 05:53:31 2022
Execution stopped: IsNode(SrcNId) && IsNode(DstNId) [Reason:'0 or 142 not a node.'], file graph.cpp, line 93
--------
--------
/home/avinash/Downloads/snap new/gen/sosgen.Err
Wed Apr 13 05:57:01 2022
Execution stopped: IsNode(SrcNId) && IsNode(DstNId) [Reason:'0 or 141 not a node.'], file graph.cpp, line 93
--------
--------
/home/avinash/Downloads/snap new/gen/sosgen.Err
Wed Apr 13 05:58:05 2022
Execution stopped: IsNode(SrcNId) && IsNode(DstNId) [Reason:'0 or 142 not a node.'], file graph.cpp, line 93
--------
--------
/home/avinash/Downloads/snap new/gen/sosgen.Err
Wed Apr 13 05:58:52 2022
Execution stopped: IsNode(SrcNId) && IsNode(DstNId) [Reason:'0 or 143 not a node.'], file graph.cpp, line 93
--------
--------
/home/avinash/Downloads/snap new/gen/sosgen.Err
Wed Apr 13 05:59:10 2022
Execution stopped: IsNode(SrcNId) && IsNode(DstNId) [Reason:'0 or 143 not a node.'], file graph.cpp, line 93
--------
--------
/home/avinash/Downloads/snap new/gen/sosgen.Err
Wed Apr 13 05:59:54 2022
Execution stopped: IsNode(SrcNId) && IsNode(DstNId) [Reason:'0 or 144 not a node.'], file graph.cpp, line 93
--------
--------
/home/avinash/Downloads/snap new/gen/sosgen.Err
Wed Apr 13 06:00:17 2022
Execution stopped: IsNode(SrcNId) && IsNode(DstNId) [Reason:'0 or 144 not a node.'], file graph.cpp, line 93
--------
--------
/home/avinash/Downloads/snap new/gen/sosgen.Err
Wed Apr 13 06:00:30 2022
Execution stopped: IsNode(SrcNId) && IsNode(DstNId) [Reason:'0 or 141 not a node.'], file graph.cpp, line 93
--------
--------
/home/avinash/Downloads/snap new/gen/sosgen.Err
Wed Apr 13 06:01:13 2022
Execution stopped: IsNode(SrcNId) && IsNode(DstNId) [Reason:'0 or 1058 not a node.'], file graph.cpp, line 93
--------
--------
/home/avinash/Downloads/snap new/gen/sosgen.Err
Wed Apr 13 06:01:37 2022
Execution stopped: IsNode(SrcNId) && IsNode(DstNId) [Reason:'0 or 1060 not a node.'], file graph.cpp, line 93
--------
--------
/home/avinash/Downloads/snap new/gen/sosgen.Err
Wed Apr 13 06:02:50 2022
Execution stopped: IsNode(SrcNId) && IsNode(DstNId) [Reason:'0 or 1050 not a node.'], file graph.cpp, line 93
--------
--------
/home/avinash/Downloads/snap new/gen/sosgen.Err
Wed Apr 13 06:04:39 2022
Execution stopped: IsNode(SrcNId) && IsNode(DstNId) [Reason:'0 or 1057 not a node.'], file graph.cpp, line 93
--------
--------
/home/avinash/Downloads/snap new/gen/sosgen.Err
Wed Apr 13 06:05:03 2022
Execution stopped: IsNode(SrcNId) && IsNode(DstNId) [Reason:'0 or 158 not a node.'], file graph.cpp, line 93
--------
--------
/home/avinash/Downloads/snap new/gen/sosgen.Err
Wed Apr 13 06:17:17 2022
Execution stopped: ! Empty(), file ../snap/glib-core/hash.h, line 456
--------
--------
/home/avinash/Downloads/snap new/gen/sosgen.Err
Wed Apr 13 06:17:36 2022
Execution stopped: ! Empty(), file ../snap/glib-core/hash.h, line 456
--------
--------
/home/avinash/Downloads/snap new/gen/sosgen.Err
Wed Apr 13 06:18:23 2022
Execution stopped: ! Empty(), file ../snap/glib-core/hash.h, line 456
--------
--------
/home/avinash/Downloads/snap new/gen/sosgen.Err
Wed Apr 13 06:19:01 2022
Execution stopped: ! Empty(), file ../snap/glib-core/hash.h, line 456
--------
--------
/home/avinash/Downloads/snap new/gen/sosgen.Err
Wed Apr 13 06:19:04 2022
Execution stopped: ! Empty(), file ../snap/glib-core/hash.h, line 456
--------
--------
/home/avinash/Downloads/snap new/gen/sosgen.Err
Wed Apr 13 06:20:22 2022
Execution stopped: ! Empty(), file ../snap/glib-core/hash.h, line 456
--------
--------
/home/avinash/Downloads/snap new/gen/sosgen.Err
Wed Apr 13 06:21:12 2022
Execution stopped: ! Empty(), file ../snap/glib-core/hash.h, line 456
--------
--------
/home/avinash/Downloads/snap new/gen/sosgen.Err
Wed Apr 13 06:22:23 2022
Execution stopped: ! Empty(), file ../snap/glib-core/hash.h, line 456
--------
--------
/home/avinash/Downloads/snap new/gen/sosgen.Err
Wed Apr 13 06:23:02 2022
Execution stopped: ! Empty(), file ../snap/glib-core/hash.h, line 456
--------
--------
/home/avinash/Downloads/snap new/gen/sosgen.Err
Wed Apr 13 06:24:23 2022
Execution stopped: ! Empty(), file ../snap/glib-core/hash.h, line 456
--------
--------
/home/avinash/Downloads/snap new/gen/sosgen.Err
Wed Apr 13 06:37:25 2022
Execution stopped: IsNode(SrcNId) && IsNode(DstNId) [Reason:'0 or 1 not a node.'], file graph.cpp, line 93
--------
--------
/home/avinash/Downloads/snap new/gen/sosgen.Err
Wed Apr 13 06:40:45 2022
Execution stopped: IsNode(SrcNId) && IsNode(DstNId) [Reason:'0 or 1 not a node.'], file graph.cpp, line 93
--------
--------
/home/avinash/Downloads/snap new/gen/sosgen.Err
Wed Apr 13 07:00:16 2022
Execution stopped: IsNode(SrcNId) && IsNode(DstNId) [Reason:'0 or 1 not a node.'], file graph.cpp, line 93
--------
--------
/home/avinash/Downloads/snap new/gen/sosgen.Err
Wed Apr 13 07:01:26 2022
Execution stopped: IsNode(SrcNId) && IsNode(DstNId) [Reason:'0 or 1 not a node.'], file graph.cpp, line 93
--------
--------
/home/avinash/Downloads/snap new/gen/sosgen.Err
Wed Apr 13 07:02:19 2022
Execution stopped: IsNode(SrcNId) && IsNode(DstNId) [Reason:'0 or 1 not a node.'], file graph.cpp, line 93
--------
--------
/home/avinash/Downloads/snap new/gen/sosgen.Err
Thu Apr 14 07:27:00 2022
Execution stopped: ! Empty(), file ../snap/glib-core/hash.h, line 456
--------
--------
/home/avinash/Downloads/snap new/gen/sosgen.Err
Thu Apr 14 07:28:00 2022
Execution stopped: ! Empty(), file ../snap/glib-core/hash.h, line 456
--------
--------
/work/ws-tmp/g050665-Avinash/gen/sosgen.Err
Sat May 14 15:37:04 2022
Execution stopped: ! Empty(), file ../snap/glib-core/hash.h, line 456
--------
--------
/work/ws-tmp/g050665-Avinash/gen/sosgen.Err
Sat May 14 15:37:32 2022
Execution stopped: ! Empty(), file ../snap/glib-core/hash.h, line 456
--------
